<?xml version="1.0" encoding="UTF-8"?>
<testng-results ignored="0" total="1" passed="1" failed="0" skipped="0">
  <reporter-output>
  </reporter-output>
  <suite started-at="2023-05-29T16:01:46 IST" name="Default suite" finished-at="2023-05-29T16:01:55 IST" duration-ms="8715">
    <groups>
      <group name="cucumber">
        <method signature="AbstractTestNGCucumberTests.runScenario(io.cucumber.testng.PickleWrapper,io.cucumber.testng.FeatureWrapper)[pri:0, instance:cucumberOptions.TestNGTestRunner@2a7f1f10]" name="runScenario" class="io.cucumber.testng.AbstractTestNGCucumberTests"/>
      </group> <!-- cucumber -->
    </groups>
    <test started-at="2023-05-29T16:01:46 IST" name="Default test" finished-at="2023-05-29T16:01:55 IST" duration-ms="8715">
      <class name="cucumberOptions.TestNGTestRunner">
        <test-method is-config="true" signature="setUpClass(org.testng.ITestContext)[pri:0, instance:cucumberOptions.TestNGTestRunner@2a7f1f10]" started-at="2023-05-29T16:01:47 IST" name="setUpClass" finished-at="2023-05-29T16:01:47 IST" duration-ms="358" status="PASS">
          <params>
            <param index="0">
              <value>
                <![CDATA[org.testng.TestRunner@a5bbaec]]>
              </value>
            </param>
          </params>
          <reporter-output>
          </reporter-output>
        </test-method> <!-- setUpClass -->
        <test-method signature="runScenario(io.cucumber.testng.PickleWrapper,io.cucumber.testng.FeatureWrapper)[pri:0, instance:cucumberOptions.TestNGTestRunner@2a7f1f10]" started-at="2023-05-29T16:01:47 IST" name="runScenario" description="Runs Cucumber Scenarios" data-provider="scenarios" finished-at="2023-05-29T16:01:55 IST" duration-ms="8301" status="PASS">
          <params>
            <param index="0">
              <value>
                <![CDATA["search for product then it to cart and placing the order."]]>
              </value>
            </param>
            <param index="1">
              <value>
                <![CDATA["Search product and order it."]]>
              </value>
            </param>
          </params>
          <reporter-output>
          </reporter-output>
        </test-method> <!-- runScenario -->
        <test-method is-config="true" signature="tearDownClass()[pri:0, instance:cucumberOptions.TestNGTestRunner@2a7f1f10]" started-at="2023-05-29T16:01:55 IST" name="tearDownClass" finished-at="2023-05-29T16:01:55 IST" duration-ms="2" status="PASS">
          <reporter-output>
          </reporter-output>
        </test-method> <!-- tearDownClass -->
      </class> <!-- cucumberOptions.TestNGTestRunner -->
    </test> <!-- Default test -->
  </suite> <!-- Default suite -->
</testng-results>
